<?xml version="1.0" encoding="UTF-8"?>
<testsuite name="com.simpl.PositiveTests" tests="10" skipped="0" failures="0" errors="0" timestamp="2024-01-31T18:58:25" hostname="MYCOMP" time="0.247">
  <properties/>
  <testcase name="someTest1()" classname="com.simpl.PositiveTests" time="0.065"/>
  <testcase name="someTest2()" classname="com.simpl.PositiveTests" time="0.001"/>
  <testcase name="someTest3()" classname="com.simpl.PositiveTests" time="0.001"/>
  <testcase name="someTest4()" classname="com.simpl.PositiveTests" time="0.001"/>
  <testcase name="someTest5()" classname="com.simpl.PositiveTests" time="0.001"/>
  <testcase name="someTest6()" classname="com.simpl.PositiveTests" time="0.0"/>
  <testcase name="someTest7()" classname="com.simpl.PositiveTests" time="0.001"/>
  <testcase name="someTest8()" classname="com.simpl.PositiveTests" time="0.0"/>
  <testcase name="someTest9()" classname="com.simpl.PositiveTests" time="0.0"/>
  <testcase name="someTest()" classname="com.simpl.PositiveTests" time="0.001"/>
  <system-out><![CDATA[]]></system-out>
  <system-err><![CDATA[]]></system-err>
</testsuite>
